CRITICAL - 2022-02-03 22:13:04 --> The framework needs the following extension(s) installed and loaded: intl.
#0 C:\xampp\htdocs\CrudCodeIgniter\system\CodeIgniter.php(219): CodeIgniter\Exceptions\FrameworkException::forMissingExtension('intl')
#1 C:\xampp\htdocs\CrudCodeIgniter\system\CodeIgniter.php(177): CodeIgniter\CodeIgniter->resolvePlatformExtensions()
#2 C:\xampp\htdocs\CrudCodeIgniter\system\bootstrap.php(146): CodeIgniter\CodeIgniter->initialize()
#3 C:\xampp\htdocs\CrudCodeIgniter\spark(45): require('C:\\xampp\\htdocs...')
#4 {main}
CRITICAL - 2022-02-03 15:52:33 --> Invalid file: Page\bootstrap_pager.php
#0 C:\xampp\htdocs\CrudCodeIgniter\system\View\View.php(198): CodeIgniter\Exceptions\FrameworkException::forInvalidFile('Page\\bootstrap_...')
#1 C:\xampp\htdocs\CrudCodeIgniter\system\Pager\Pager.php(125): CodeIgniter\View\View->render('Page\\bootstrap_...')
#2 C:\xampp\htdocs\CrudCodeIgniter\system\Pager\Pager.php(83): CodeIgniter\Pager\Pager->displayLinks('default', 'default_bootstr...')
#3 C:\xampp\htdocs\CrudCodeIgniter\app\Views\users.php(52): CodeIgniter\Pager\Pager->links('default', 'default_bootstr...')
#4 C:\xampp\htdocs\CrudCodeIgniter\system\View\View.php(210): include('C:\\xampp\\htdocs...')
#5 C:\xampp\htdocs\CrudCodeIgniter\system\View\View.php(213): CodeIgniter\View\View->CodeIgniter\View\{closure}()
#6 C:\xampp\htdocs\CrudCodeIgniter\system\Common.php(1089): CodeIgniter\View\View->render('users', Array, true)
#7 C:\xampp\htdocs\CrudCodeIgniter\app\Controllers\User.php(20): view('users', Array)
#8 C:\xampp\htdocs\CrudCodeIgniter\system\CodeIgniter.php(825): App\Controllers\User->index()
#9 C:\xampp\htdocs\CrudCodeIgniter\system\CodeIgniter.php(412): CodeIgniter\CodeIgniter->runController(Object(App\Controllers\User))
#10 C:\xampp\htdocs\CrudCodeIgniter\system\CodeIgniter.php(320): CodeIgniter\CodeIgniter->handleRequest(NULL, Object(Config\Cache), false)
#11 C:\xampp\htdocs\CrudCodeIgniter\public\index.php(37): CodeIgniter\CodeIgniter->run()
#12 C:\xampp\htdocs\CrudCodeIgniter\system\Commands\Server\rewrite.php(43): require_once('C:\\xampp\\htdocs...')
#13 {main}
CRITICAL - 2022-02-03 15:53:08 --> Invalid file: page\bootstrap_pager.php
#0 C:\xampp\htdocs\CrudCodeIgniter\system\View\View.php(198): CodeIgniter\Exceptions\FrameworkException::forInvalidFile('page\\bootstrap_...')
#1 C:\xampp\htdocs\CrudCodeIgniter\system\Pager\Pager.php(125): CodeIgniter\View\View->render('page\\bootstrap_...')
#2 C:\xampp\htdocs\CrudCodeIgniter\system\Pager\Pager.php(83): CodeIgniter\Pager\Pager->displayLinks('default', 'default_bootstr...')
#3 C:\xampp\htdocs\CrudCodeIgniter\app\Views\users.php(52): CodeIgniter\Pager\Pager->links('default', 'default_bootstr...')
#4 C:\xampp\htdocs\CrudCodeIgniter\system\View\View.php(210): include('C:\\xampp\\htdocs...')
#5 C:\xampp\htdocs\CrudCodeIgniter\system\View\View.php(213): CodeIgniter\View\View->CodeIgniter\View\{closure}()
#6 C:\xampp\htdocs\CrudCodeIgniter\system\Common.php(1089): CodeIgniter\View\View->render('users', Array, true)
#7 C:\xampp\htdocs\CrudCodeIgniter\app\Controllers\User.php(20): view('users', Array)
#8 C:\xampp\htdocs\CrudCodeIgniter\system\CodeIgniter.php(825): App\Controllers\User->index()
#9 C:\xampp\htdocs\CrudCodeIgniter\system\CodeIgniter.php(412): CodeIgniter\CodeIgniter->runController(Object(App\Controllers\User))
#10 C:\xampp\htdocs\CrudCodeIgniter\system\CodeIgniter.php(320): CodeIgniter\CodeIgniter->handleRequest(NULL, Object(Config\Cache), false)
#11 C:\xampp\htdocs\CrudCodeIgniter\public\index.php(37): CodeIgniter\CodeIgniter->run()
#12 C:\xampp\htdocs\CrudCodeIgniter\system\Commands\Server\rewrite.php(43): require_once('C:\\xampp\\htdocs...')
#13 {main}
CRITICAL - 2022-02-03 15:53:18 --> Invalid file: page\bootstrap_pager.php
#0 C:\xampp\htdocs\CrudCodeIgniter\system\View\View.php(198): CodeIgniter\Exceptions\FrameworkException::forInvalidFile('page\\bootstrap_...')
#1 C:\xampp\htdocs\CrudCodeIgniter\system\Pager\Pager.php(125): CodeIgniter\View\View->render('page\\bootstrap_...')
#2 C:\xampp\htdocs\CrudCodeIgniter\system\Pager\Pager.php(83): CodeIgniter\Pager\Pager->displayLinks('default', 'default_bootstr...')
#3 C:\xampp\htdocs\CrudCodeIgniter\app\Views\users.php(52): CodeIgniter\Pager\Pager->links('default', 'default_bootstr...')
#4 C:\xampp\htdocs\CrudCodeIgniter\system\View\View.php(210): include('C:\\xampp\\htdocs...')
#5 C:\xampp\htdocs\CrudCodeIgniter\system\View\View.php(213): CodeIgniter\View\View->CodeIgniter\View\{closure}()
#6 C:\xampp\htdocs\CrudCodeIgniter\system\Common.php(1089): CodeIgniter\View\View->render('users', Array, true)
#7 C:\xampp\htdocs\CrudCodeIgniter\app\Controllers\User.php(20): view('users', Array)
#8 C:\xampp\htdocs\CrudCodeIgniter\system\CodeIgniter.php(825): App\Controllers\User->index()
#9 C:\xampp\htdocs\CrudCodeIgniter\system\CodeIgniter.php(412): CodeIgniter\CodeIgniter->runController(Object(App\Controllers\User))
#10 C:\xampp\htdocs\CrudCodeIgniter\system\CodeIgniter.php(320): CodeIgniter\CodeIgniter->handleRequest(NULL, Object(Config\Cache), false)
#11 C:\xampp\htdocs\CrudCodeIgniter\public\index.php(37): CodeIgniter\CodeIgniter->run()
#12 C:\xampp\htdocs\CrudCodeIgniter\system\Commands\Server\rewrite.php(43): require_once('C:\\xampp\\htdocs...')
#13 {main}
ERROR - 2022-02-03 16:19:40 --> Unknown column 'client.deleted_at' in 'where clause'
CRITICAL - 2022-02-03 16:19:40 --> Unknown column 'client.deleted_at' in 'where clause'
#0 C:\xampp\htdocs\CrudCodeIgniter\system\Database\MySQLi\Connection.php(292): mysqli->query('SELECT COUNT(*)...', 0)
#1 C:\xampp\htdocs\CrudCodeIgniter\system\Database\BaseConnection.php(670): CodeIgniter\Database\MySQLi\Connection->execute('SELECT COUNT(*)...')
#2 C:\xampp\htdocs\CrudCodeIgniter\system\Database\BaseConnection.php(598): CodeIgniter\Database\BaseConnection->simpleQuery('SELECT COUNT(*)...')
#3 C:\xampp\htdocs\CrudCodeIgniter\system\Database\BaseBuilder.php(1539): CodeIgniter\Database\BaseConnection->query('SELECT COUNT(*)...', Array, false)
#4 C:\xampp\htdocs\CrudCodeIgniter\system\Model.php(509): CodeIgniter\Database\BaseBuilder->countAllResults(false)
#5 C:\xampp\htdocs\CrudCodeIgniter\system\BaseModel.php(1084): CodeIgniter\Model->countAllResults(false)
#6 C:\xampp\htdocs\CrudCodeIgniter\app\Controllers\User.php(19): CodeIgniter\BaseModel->paginate(2)
#7 C:\xampp\htdocs\CrudCodeIgniter\system\CodeIgniter.php(825): App\Controllers\User->index()
#8 C:\xampp\htdocs\CrudCodeIgniter\system\CodeIgniter.php(412): CodeIgniter\CodeIgniter->runController(Object(App\Controllers\User))
#9 C:\xampp\htdocs\CrudCodeIgniter\system\CodeIgniter.php(320): CodeIgniter\CodeIgniter->handleRequest(NULL, Object(Config\Cache), false)
#10 C:\xampp\htdocs\CrudCodeIgniter\public\index.php(37): CodeIgniter\CodeIgniter->run()
#11 C:\xampp\htdocs\CrudCodeIgniter\system\Commands\Server\rewrite.php(43): require_once('C:\\xampp\\htdocs...')
#12 {main}
ERROR - 2022-02-03 16:35:36 --> Unknown column 'created_at' in 'field list'
CRITICAL - 2022-02-03 16:35:36 --> Unknown column 'created_at' in 'field list'
#0 C:\xampp\htdocs\CrudCodeIgniter\system\Database\MySQLi\Connection.php(292): mysqli->query('INSERT INTO `cl...', 0)
#1 C:\xampp\htdocs\CrudCodeIgniter\system\Database\BaseConnection.php(670): CodeIgniter\Database\MySQLi\Connection->execute('INSERT INTO `cl...')
#2 C:\xampp\htdocs\CrudCodeIgniter\system\Database\BaseConnection.php(598): CodeIgniter\Database\BaseConnection->simpleQuery('INSERT INTO `cl...')
#3 C:\xampp\htdocs\CrudCodeIgniter\system\Database\BaseBuilder.php(1771): CodeIgniter\Database\BaseConnection->query('INSERT INTO `cl...', Array, false)
#4 C:\xampp\htdocs\CrudCodeIgniter\system\Model.php(239): CodeIgniter\Database\BaseBuilder->insert()
#5 C:\xampp\htdocs\CrudCodeIgniter\system\BaseModel.php(738): CodeIgniter\Model->doInsert(Array)
#6 C:\xampp\htdocs\CrudCodeIgniter\system\Model.php(625): CodeIgniter\BaseModel->insert(Array, false)
#7 C:\xampp\htdocs\CrudCodeIgniter\system\BaseModel.php(658): CodeIgniter\Model->insert(Array, false)
#8 C:\xampp\htdocs\CrudCodeIgniter\app\Controllers\User.php(39): CodeIgniter\BaseModel->save(Array)
#9 C:\xampp\htdocs\CrudCodeIgniter\system\CodeIgniter.php(825): App\Controllers\User->store()
#10 C:\xampp\htdocs\CrudCodeIgniter\system\CodeIgniter.php(412): CodeIgniter\CodeIgniter->runController(Object(App\Controllers\User))
#11 C:\xampp\htdocs\CrudCodeIgniter\system\CodeIgniter.php(320): CodeIgniter\CodeIgniter->handleRequest(NULL, Object(Config\Cache), false)
#12 C:\xampp\htdocs\CrudCodeIgniter\public\index.php(37): CodeIgniter\CodeIgniter->run()
#13 C:\xampp\htdocs\CrudCodeIgniter\system\Commands\Server\rewrite.php(43): require_once('C:\\xampp\\htdocs...')
#14 {main}
CRITICAL - 2022-02-03 16:42:15 --> Undefined property: App\Controllers\User::$UserModel
#0 C:\xampp\htdocs\CrudCodeIgniter\app\Controllers\User.php(50): CodeIgniter\Debug\Exceptions->errorHandler(2, 'Undefined prope...', 'C:\\xampp\\htdocs...', 50)
#1 C:\xampp\htdocs\CrudCodeIgniter\system\CodeIgniter.php(825): App\Controllers\User->edit('4')
#2 C:\xampp\htdocs\CrudCodeIgniter\system\CodeIgniter.php(412): CodeIgniter\CodeIgniter->runController(Object(App\Controllers\User))
#3 C:\xampp\htdocs\CrudCodeIgniter\system\CodeIgniter.php(320): CodeIgniter\CodeIgniter->handleRequest(NULL, Object(Config\Cache), false)
#4 C:\xampp\htdocs\CrudCodeIgniter\public\index.php(37): CodeIgniter\CodeIgniter->run()
#5 C:\xampp\htdocs\CrudCodeIgniter\system\Commands\Server\rewrite.php(43): require_once('C:\\xampp\\htdocs...')
#6 {main}
CRITICAL - 2022-02-03 16:44:46 --> Undefined variable $user
#0 C:\xampp\htdocs\CrudCodeIgniter\app\Views\form.php(15): CodeIgniter\Debug\Exceptions->errorHandler(2, 'Undefined varia...', 'C:\\xampp\\htdocs...', 15)
#1 C:\xampp\htdocs\CrudCodeIgniter\system\View\View.php(210): include('C:\\xampp\\htdocs...')
#2 C:\xampp\htdocs\CrudCodeIgniter\system\View\View.php(213): CodeIgniter\View\View->CodeIgniter\View\{closure}()
#3 C:\xampp\htdocs\CrudCodeIgniter\system\Common.php(1089): CodeIgniter\View\View->render('form', Array, true)
#4 C:\xampp\htdocs\CrudCodeIgniter\app\Controllers\User.php(35): view('form')
#5 C:\xampp\htdocs\CrudCodeIgniter\system\CodeIgniter.php(825): App\Controllers\User->create()
#6 C:\xampp\htdocs\CrudCodeIgniter\system\CodeIgniter.php(412): CodeIgniter\CodeIgniter->runController(Object(App\Controllers\User))
#7 C:\xampp\htdocs\CrudCodeIgniter\system\CodeIgniter.php(320): CodeIgniter\CodeIgniter->handleRequest(NULL, Object(Config\Cache), false)
#8 C:\xampp\htdocs\CrudCodeIgniter\public\index.php(37): CodeIgniter\CodeIgniter->run()
#9 C:\xampp\htdocs\CrudCodeIgniter\system\Commands\Server\rewrite.php(43): require_once('C:\\xampp\\htdocs...')
#10 {main}
